c:\collegework\semester 2\cpts122\practice assignments\pa9\release\vc143.pdb
c:\collegework\semester 2\cpts122\practice assignments\pa9\release\main.obj
c:\collegework\semester 2\cpts122\practice assignments\pa9\release\spritemanager.obj
c:\collegework\semester 2\cpts122\practice assignments\pa9\release\ballon.obj
c:\collegework\semester 2\cpts122\practice assignments\pa9\release\dart.obj
c:\collegework\semester 2\cpts122\practice assignments\pa9\release\tower.obj
c:\users\gabe\downloads\pa9\pa9\release\vc143.pdb
c:\users\gabe\downloads\pa9\pa9\release\main.obj
c:\users\gabe\downloads\pa9\pa9\release\tower.obj
c:\users\gabe\downloads\pa9\pa9\release\spritemanager.obj
c:\users\gabe\downloads\pa9\pa9\release\dart.obj
c:\users\gabe\downloads\pa9\pa9\release\ballon.obj
c:\collegework\semester 2\cpts122\practice assignments\pa9\release\pa9.ipdb
c:\collegework\semester 2\cpts122\practice assignments\pa9\release\pa9.iobj
c:\collegework\semester 2\cpts122\practice assignments\pa9\release\pa9.exe
c:\collegework\semester 2\cpts122\practice assignments\pa9\release\pa9.pdb
c:\users\gabe\downloads\pa9\pa9\release\stb.obj
c:\users\gabe\downloads\pa9\pa9\release\pa9.ipdb
c:\users\gabe\downloads\pa9\pa9\release\pa9.iobj
c:\users\gabe\downloads\pa9\pa9\release\pa9.pdb
c:\users\gabe\downloads\pa9\pa9\release\pa9.tlog\cl.command.1.tlog
c:\users\gabe\downloads\pa9\pa9\release\pa9.tlog\cl.read.1.tlog
c:\users\gabe\downloads\pa9\pa9\release\pa9.tlog\cl.write.1.tlog
c:\users\gabe\downloads\pa9\pa9\release\pa9.tlog\link.command.1.tlog
c:\users\gabe\downloads\pa9\pa9\release\pa9.tlog\link.read.1.tlog
c:\users\gabe\downloads\pa9\pa9\release\pa9.tlog\link.write.1.tlog
c:\users\gabe\downloads\pa9\pa9\release\pa9.tlog\link.write.2u.tlog
